{"name":"hexo","hostname":"LAPTOP-MMQ6VIRP","pid":10192,"level":20,"msg":"Hexo version: 3.2.2","time":"2016-12-25T16:46:56.155Z","v":0}
{"name":"hexo","hostname":"LAPTOP-MMQ6VIRP","pid":10192,"level":20,"msg":"Working directory: ~\\effielikesmilk.github.io\\","time":"2016-12-25T16:46:56.157Z","v":0}
{"name":"hexo","hostname":"LAPTOP-MMQ6VIRP","pid":10192,"level":20,"msg":"Config loaded: ~\\effielikesmilk.github.io\\_config.yml","time":"2016-12-25T16:46:56.364Z","v":0}
{"name":"hexo","hostname":"LAPTOP-MMQ6VIRP","pid":10192,"level":20,"msg":"Plugin loaded: hexo-deployer-git","time":"2016-12-25T16:46:56.391Z","v":0}
{"name":"hexo","hostname":"LAPTOP-MMQ6VIRP","pid":10192,"level":20,"msg":"Plugin loaded: hexo-generator-archive","time":"2016-12-25T16:46:56.396Z","v":0}
{"name":"hexo","hostname":"LAPTOP-MMQ6VIRP","pid":10192,"level":20,"msg":"Plugin loaded: hexo-generator-category","time":"2016-12-25T16:46:56.399Z","v":0}
{"name":"hexo","hostname":"LAPTOP-MMQ6VIRP","pid":10192,"level":20,"msg":"Plugin loaded: hexo-generator-index","time":"2016-12-25T16:46:56.403Z","v":0}
{"name":"hexo","hostname":"LAPTOP-MMQ6VIRP","pid":10192,"level":20,"msg":"Plugin loaded: hexo-generator-tag","time":"2016-12-25T16:46:56.405Z","v":0}
{"name":"hexo","hostname":"LAPTOP-MMQ6VIRP","pid":10192,"level":20,"msg":"Plugin loaded: hexo-renderer-ejs","time":"2016-12-25T16:46:56.409Z","v":0}
{"name":"hexo","hostname":"LAPTOP-MMQ6VIRP","pid":10192,"level":20,"msg":"Plugin loaded: hexo-renderer-marked","time":"2016-12-25T16:46:56.417Z","v":0}
{"name":"hexo","hostname":"LAPTOP-MMQ6VIRP","pid":10192,"level":20,"msg":"Plugin loaded: hexo-server","time":"2016-12-25T16:46:56.519Z","v":0}
{"name":"hexo","hostname":"LAPTOP-MMQ6VIRP","pid":10192,"level":20,"msg":"Script loaded: themes\\mynext\\scripts\\merge-configs.js","time":"2016-12-25T16:46:56.519Z","v":0}
{"name":"hexo","hostname":"LAPTOP-MMQ6VIRP","pid":10192,"level":20,"msg":"Plugin loaded: hexo-renderer-stylus","time":"2016-12-25T16:46:56.522Z","v":0}
{"name":"hexo","hostname":"LAPTOP-MMQ6VIRP","pid":10192,"level":20,"msg":"Script loaded: themes\\mynext\\scripts\\tags\\center-quote.js","time":"2016-12-25T16:46:56.522Z","v":0}
{"name":"hexo","hostname":"LAPTOP-MMQ6VIRP","pid":10192,"level":20,"msg":"Script loaded: themes\\mynext\\scripts\\tags\\full-image.js","time":"2016-12-25T16:46:56.522Z","v":0}
{"name":"hexo","hostname":"LAPTOP-MMQ6VIRP","pid":10192,"level":20,"msg":"Script loaded: themes\\mynext\\scripts\\tags\\group-pictures.js","time":"2016-12-25T16:46:56.524Z","v":0}
{"name":"hexo","hostname":"LAPTOP-MMQ6VIRP","pid":10192,"level":20,"msg":"Script loaded: themes\\mynext\\scripts\\tags\\note.js","time":"2016-12-25T16:46:56.524Z","v":0}
{"name":"hexo","hostname":"LAPTOP-MMQ6VIRP","pid":10192,"level":20,"msg":"Loading database.","time":"2016-12-25T16:46:56.535Z","v":0}
{"name":"hexo","hostname":"LAPTOP-MMQ6VIRP","pid":10192,"level":30,"msg":"Start processing","time":"2016-12-25T16:46:56.544Z","v":0}
{"name":"hexo","hostname":"LAPTOP-MMQ6VIRP","pid":10192,"level":20,"msg":"Theme config loaded.","time":"2016-12-25T16:46:56.746Z","v":0}
{"name":"hexo","hostname":"LAPTOP-MMQ6VIRP","pid":10192,"level":20,"msg":"Processed: _config.yml","time":"2016-12-25T16:46:56.747Z","v":0}
{"name":"hexo","hostname":"LAPTOP-MMQ6VIRP","pid":10192,"level":20,"msg":"Processed: source/css/main.styl","time":"2016-12-25T16:46:56.760Z","v":0}
{"name":"hexo","hostname":"LAPTOP-MMQ6VIRP","pid":10192,"level":20,"msg":"Processed: source/images/algolia_logo.svg","time":"2016-12-25T16:46:56.761Z","v":0}
{"name":"hexo","hostname":"LAPTOP-MMQ6VIRP","pid":10192,"level":20,"msg":"Processed: source/images/avatar.gif","time":"2016-12-25T16:46:56.761Z","v":0}
{"name":"hexo","hostname":"LAPTOP-MMQ6VIRP","pid":10192,"level":20,"msg":"Processed: source/images/cc-by-nc-nd.svg","time":"2016-12-25T16:46:56.764Z","v":0}
{"name":"hexo","hostname":"LAPTOP-MMQ6VIRP","pid":10192,"level":20,"msg":"Processed: source/images/cc-by-nc-sa.svg","time":"2016-12-25T16:46:56.765Z","v":0}
{"name":"hexo","hostname":"LAPTOP-MMQ6VIRP","pid":10192,"level":20,"msg":"Processed: source/images/cc-by-nc.svg","time":"2016-12-25T16:46:56.768Z","v":0}
{"name":"hexo","hostname":"LAPTOP-MMQ6VIRP","pid":10192,"level":20,"msg":"Processed: source/images/cc-by-nd.svg","time":"2016-12-25T16:46:56.768Z","v":0}
{"name":"hexo","hostname":"LAPTOP-MMQ6VIRP","pid":10192,"level":20,"msg":"Processed: source/images/cc-by-sa.svg","time":"2016-12-25T16:46:56.768Z","v":0}
{"name":"hexo","hostname":"LAPTOP-MMQ6VIRP","pid":10192,"level":20,"msg":"Processed: source/images/cc-by.svg","time":"2016-12-25T16:46:56.769Z","v":0}
{"name":"hexo","hostname":"LAPTOP-MMQ6VIRP","pid":10192,"level":20,"msg":"Processed: source/images/cc-zero.svg","time":"2016-12-25T16:46:56.769Z","v":0}
{"name":"hexo","hostname":"LAPTOP-MMQ6VIRP","pid":10192,"level":20,"msg":"Processed: source/images/loading.gif","time":"2016-12-25T16:46:56.770Z","v":0}
{"name":"hexo","hostname":"LAPTOP-MMQ6VIRP","pid":10192,"level":20,"msg":"Processed: source/images/placeholder.gif","time":"2016-12-25T16:46:56.771Z","v":0}
{"name":"hexo","hostname":"LAPTOP-MMQ6VIRP","pid":10192,"level":20,"msg":"Processed: source/images/quote-l.svg","time":"2016-12-25T16:46:56.772Z","v":0}
{"name":"hexo","hostname":"LAPTOP-MMQ6VIRP","pid":10192,"level":20,"msg":"Processed: source/images/quote-r.svg","time":"2016-12-25T16:46:56.772Z","v":0}
{"name":"hexo","hostname":"LAPTOP-MMQ6VIRP","pid":10192,"level":20,"msg":"Processed: source/images/searchicon.png","time":"2016-12-25T16:46:56.772Z","v":0}
{"name":"hexo","hostname":"LAPTOP-MMQ6VIRP","pid":10192,"level":20,"msg":"Processed: layout/archive.swig","time":"2016-12-25T16:46:57.001Z","v":0}
{"name":"hexo","hostname":"LAPTOP-MMQ6VIRP","pid":10192,"level":20,"msg":"Processed: layout/category.swig","time":"2016-12-25T16:46:57.001Z","v":0}
{"name":"hexo","hostname":"LAPTOP-MMQ6VIRP","pid":10192,"level":20,"msg":"Processed: layout/index.swig","time":"2016-12-25T16:46:57.001Z","v":0}
{"name":"hexo","hostname":"LAPTOP-MMQ6VIRP","pid":10192,"level":20,"msg":"Processed: layout/page.swig","time":"2016-12-25T16:46:57.001Z","v":0}
{"name":"hexo","hostname":"LAPTOP-MMQ6VIRP","pid":10192,"level":20,"msg":"Processed: layout/schedule.swig","time":"2016-12-25T16:46:57.001Z","v":0}
{"name":"hexo","hostname":"LAPTOP-MMQ6VIRP","pid":10192,"level":20,"msg":"Processed: layout/post.swig","time":"2016-12-25T16:46:57.002Z","v":0}
{"name":"hexo","hostname":"LAPTOP-MMQ6VIRP","pid":10192,"level":20,"msg":"Processed: layout/_layout.swig","time":"2016-12-25T16:46:57.002Z","v":0}
{"name":"hexo","hostname":"LAPTOP-MMQ6VIRP","pid":10192,"level":20,"msg":"Processed: layout/tag.swig","time":"2016-12-25T16:46:57.002Z","v":0}
{"name":"hexo","hostname":"LAPTOP-MMQ6VIRP","pid":10192,"level":20,"msg":"Processed: _posts/hello-world.md","time":"2016-12-25T16:46:57.019Z","v":0}
{"name":"hexo","hostname":"LAPTOP-MMQ6VIRP","pid":10192,"level":20,"msg":"Processed: languages/de.yml","time":"2016-12-25T16:46:57.019Z","v":0}
{"name":"hexo","hostname":"LAPTOP-MMQ6VIRP","pid":10192,"level":20,"msg":"Processed: languages/en.yml","time":"2016-12-25T16:46:57.019Z","v":0}
{"name":"hexo","hostname":"LAPTOP-MMQ6VIRP","pid":10192,"level":20,"msg":"Processed: languages/default.yml","time":"2016-12-25T16:46:57.019Z","v":0}
{"name":"hexo","hostname":"LAPTOP-MMQ6VIRP","pid":10192,"level":20,"msg":"Processed: languages/fr-FR.yml","time":"2016-12-25T16:46:57.019Z","v":0}
{"name":"hexo","hostname":"LAPTOP-MMQ6VIRP","pid":10192,"level":20,"msg":"Processed: languages/ja.yml","time":"2016-12-25T16:46:57.019Z","v":0}
{"name":"hexo","hostname":"LAPTOP-MMQ6VIRP","pid":10192,"level":20,"msg":"Processed: languages/ko.yml","time":"2016-12-25T16:46:57.019Z","v":0}
{"name":"hexo","hostname":"LAPTOP-MMQ6VIRP","pid":10192,"level":20,"msg":"Processed: languages/pt-BR.yml","time":"2016-12-25T16:46:57.019Z","v":0}
{"name":"hexo","hostname":"LAPTOP-MMQ6VIRP","pid":10192,"level":20,"msg":"Processed: languages/ru.yml","time":"2016-12-25T16:46:57.019Z","v":0}
{"name":"hexo","hostname":"LAPTOP-MMQ6VIRP","pid":10192,"level":20,"msg":"Processed: languages/pt.yml","time":"2016-12-25T16:46:57.019Z","v":0}
{"name":"hexo","hostname":"LAPTOP-MMQ6VIRP","pid":10192,"level":20,"msg":"Processed: languages/zh-Hans.yml","time":"2016-12-25T16:46:57.019Z","v":0}
{"name":"hexo","hostname":"LAPTOP-MMQ6VIRP","pid":10192,"level":20,"msg":"Processed: languages/zh-tw.yml","time":"2016-12-25T16:46:57.019Z","v":0}
{"name":"hexo","hostname":"LAPTOP-MMQ6VIRP","pid":10192,"level":20,"msg":"Processed: languages/zh-hk.yml","time":"2016-12-25T16:46:57.019Z","v":0}
{"name":"hexo","hostname":"LAPTOP-MMQ6VIRP","pid":10192,"level":20,"msg":"Processed: languages/id.yml","time":"2016-12-25T16:46:57.019Z","v":0}
{"name":"hexo","hostname":"LAPTOP-MMQ6VIRP","pid":10192,"level":20,"msg":"Processed: source/js/src/algolia-search.js","time":"2016-12-25T16:46:57.107Z","v":0}
{"name":"hexo","hostname":"LAPTOP-MMQ6VIRP","pid":10192,"level":20,"msg":"Processed: source/js/src/affix.js","time":"2016-12-25T16:46:57.108Z","v":0}
{"name":"hexo","hostname":"LAPTOP-MMQ6VIRP","pid":10192,"level":20,"msg":"Processed: source/js/src/bootstrap.js","time":"2016-12-25T16:46:57.109Z","v":0}
{"name":"hexo","hostname":"LAPTOP-MMQ6VIRP","pid":10192,"level":20,"msg":"Processed: source/js/src/hook-duoshuo.js","time":"2016-12-25T16:46:57.110Z","v":0}
{"name":"hexo","hostname":"LAPTOP-MMQ6VIRP","pid":10192,"level":20,"msg":"Processed: source/js/src/motion.js","time":"2016-12-25T16:46:57.110Z","v":0}
{"name":"hexo","hostname":"LAPTOP-MMQ6VIRP","pid":10192,"level":20,"msg":"Processed: source/js/src/post-details.js","time":"2016-12-25T16:46:57.112Z","v":0}
{"name":"hexo","hostname":"LAPTOP-MMQ6VIRP","pid":10192,"level":20,"msg":"Processed: source/js/src/scrollspy.js","time":"2016-12-25T16:46:57.112Z","v":0}
{"name":"hexo","hostname":"LAPTOP-MMQ6VIRP","pid":10192,"level":20,"msg":"Processed: source/js/src/utils.js","time":"2016-12-25T16:46:57.113Z","v":0}
{"name":"hexo","hostname":"LAPTOP-MMQ6VIRP","pid":10192,"level":20,"msg":"Processed: source/lib/algolia-instant-search/instantsearch.min.css","time":"2016-12-25T16:46:57.113Z","v":0}
{"name":"hexo","hostname":"LAPTOP-MMQ6VIRP","pid":10192,"level":20,"msg":"Processed: source/lib/fastclick/LICENSE","time":"2016-12-25T16:46:57.114Z","v":0}
{"name":"hexo","hostname":"LAPTOP-MMQ6VIRP","pid":10192,"level":20,"msg":"Processed: source/lib/fastclick/README.md","time":"2016-12-25T16:46:57.114Z","v":0}
{"name":"hexo","hostname":"LAPTOP-MMQ6VIRP","pid":10192,"level":20,"msg":"Processed: source/lib/fastclick/bower.json","time":"2016-12-25T16:46:57.115Z","v":0}
{"name":"hexo","hostname":"LAPTOP-MMQ6VIRP","pid":10192,"level":20,"msg":"Processed: source/lib/font-awesome/HELP-US-OUT.txt","time":"2016-12-25T16:46:57.120Z","v":0}
{"name":"hexo","hostname":"LAPTOP-MMQ6VIRP","pid":10192,"level":20,"msg":"Processed: source/lib/font-awesome/bower.json","time":"2016-12-25T16:46:57.120Z","v":0}
{"name":"hexo","hostname":"LAPTOP-MMQ6VIRP","pid":10192,"level":20,"msg":"Processed: source/lib/jquery_lazyload/CONTRIBUTING.md","time":"2016-12-25T16:46:57.123Z","v":0}
{"name":"hexo","hostname":"LAPTOP-MMQ6VIRP","pid":10192,"level":20,"msg":"Processed: source/lib/jquery_lazyload/README.md","time":"2016-12-25T16:46:57.125Z","v":0}
{"name":"hexo","hostname":"LAPTOP-MMQ6VIRP","pid":10192,"level":20,"msg":"Processed: source/lib/jquery_lazyload/bower.json","time":"2016-12-25T16:46:57.125Z","v":0}
{"name":"hexo","hostname":"LAPTOP-MMQ6VIRP","pid":10192,"level":20,"msg":"Processed: source/lib/jquery_lazyload/jquery.lazyload.js","time":"2016-12-25T16:46:57.125Z","v":0}
{"name":"hexo","hostname":"LAPTOP-MMQ6VIRP","pid":10192,"level":20,"msg":"Processed: source/lib/jquery_lazyload/jquery.scrollstop.js","time":"2016-12-25T16:46:57.126Z","v":0}
{"name":"hexo","hostname":"LAPTOP-MMQ6VIRP","pid":10192,"level":20,"msg":"Processed: source/lib/velocity/bower.json","time":"2016-12-25T16:46:57.126Z","v":0}
{"name":"hexo","hostname":"LAPTOP-MMQ6VIRP","pid":10192,"level":20,"msg":"Processed: source/lib/velocity/velocity.min.js","time":"2016-12-25T16:46:57.126Z","v":0}
{"name":"hexo","hostname":"LAPTOP-MMQ6VIRP","pid":10192,"level":20,"msg":"Processed: source/lib/velocity/velocity.ui.js","time":"2016-12-25T16:46:57.127Z","v":0}
{"name":"hexo","hostname":"LAPTOP-MMQ6VIRP","pid":10192,"level":20,"msg":"Processed: source/lib/velocity/velocity.ui.min.js","time":"2016-12-25T16:46:57.127Z","v":0}
{"name":"hexo","hostname":"LAPTOP-MMQ6VIRP","pid":10192,"level":20,"msg":"Processed: layout/_custom/header.swig","time":"2016-12-25T16:46:57.186Z","v":0}
{"name":"hexo","hostname":"LAPTOP-MMQ6VIRP","pid":10192,"level":20,"msg":"Processed: layout/_custom/sidebar.swig","time":"2016-12-25T16:46:57.186Z","v":0}
{"name":"hexo","hostname":"LAPTOP-MMQ6VIRP","pid":10192,"level":20,"msg":"Processed: layout/_macro/post.swig","time":"2016-12-25T16:46:57.186Z","v":0}
{"name":"hexo","hostname":"LAPTOP-MMQ6VIRP","pid":10192,"level":20,"msg":"Processed: layout/_macro/reward.swig","time":"2016-12-25T16:46:57.186Z","v":0}
{"name":"hexo","hostname":"LAPTOP-MMQ6VIRP","pid":10192,"level":20,"msg":"Processed: layout/_macro/post-collapse.swig","time":"2016-12-25T16:46:57.186Z","v":0}
{"name":"hexo","hostname":"LAPTOP-MMQ6VIRP","pid":10192,"level":20,"msg":"Processed: layout/_macro/sidebar.swig","time":"2016-12-25T16:46:57.186Z","v":0}
{"name":"hexo","hostname":"LAPTOP-MMQ6VIRP","pid":10192,"level":20,"msg":"Processed: layout/_macro/wechat-subscriber.swig","time":"2016-12-25T16:46:57.186Z","v":0}
{"name":"hexo","hostname":"LAPTOP-MMQ6VIRP","pid":10192,"level":20,"msg":"Processed: layout/_partials/comments.swig","time":"2016-12-25T16:46:57.186Z","v":0}
{"name":"hexo","hostname":"LAPTOP-MMQ6VIRP","pid":10192,"level":20,"msg":"Processed: layout/_partials/duoshuo-hot-articles.swig","time":"2016-12-25T16:46:57.187Z","v":0}
{"name":"hexo","hostname":"LAPTOP-MMQ6VIRP","pid":10192,"level":20,"msg":"Processed: layout/_partials/footer.swig","time":"2016-12-25T16:46:57.187Z","v":0}
{"name":"hexo","hostname":"LAPTOP-MMQ6VIRP","pid":10192,"level":20,"msg":"Processed: layout/_partials/head.swig","time":"2016-12-25T16:46:57.187Z","v":0}
{"name":"hexo","hostname":"LAPTOP-MMQ6VIRP","pid":10192,"level":20,"msg":"Processed: layout/_partials/header.swig","time":"2016-12-25T16:46:57.187Z","v":0}
{"name":"hexo","hostname":"LAPTOP-MMQ6VIRP","pid":10192,"level":20,"msg":"Processed: layout/_partials/pagination.swig","time":"2016-12-25T16:46:57.189Z","v":0}
{"name":"hexo","hostname":"LAPTOP-MMQ6VIRP","pid":10192,"level":20,"msg":"Processed: layout/_partials/page-header.swig","time":"2016-12-25T16:46:57.190Z","v":0}
{"name":"hexo","hostname":"LAPTOP-MMQ6VIRP","pid":10192,"level":20,"msg":"Processed: layout/_partials/search.swig","time":"2016-12-25T16:46:57.190Z","v":0}
{"name":"hexo","hostname":"LAPTOP-MMQ6VIRP","pid":10192,"level":20,"msg":"Processed: layout/_scripts/baidu-push.swig","time":"2016-12-25T16:46:57.190Z","v":0}
{"name":"hexo","hostname":"LAPTOP-MMQ6VIRP","pid":10192,"level":20,"msg":"Processed: layout/_scripts/boostrap.swig","time":"2016-12-25T16:46:57.190Z","v":0}
{"name":"hexo","hostname":"LAPTOP-MMQ6VIRP","pid":10192,"level":20,"msg":"Processed: layout/_scripts/commons.swig","time":"2016-12-25T16:46:57.190Z","v":0}
{"name":"hexo","hostname":"LAPTOP-MMQ6VIRP","pid":10192,"level":20,"msg":"Processed: layout/_scripts/vendors.swig","time":"2016-12-25T16:46:57.190Z","v":0}
{"name":"hexo","hostname":"LAPTOP-MMQ6VIRP","pid":10192,"level":20,"msg":"Processed: source/lib/jquery/index.js","time":"2016-12-25T16:46:57.191Z","v":0}
{"name":"hexo","hostname":"LAPTOP-MMQ6VIRP","pid":10192,"level":20,"msg":"Processed: layout/_scripts/schemes/muse.swig","time":"2016-12-25T16:46:57.209Z","v":0}
{"name":"hexo","hostname":"LAPTOP-MMQ6VIRP","pid":10192,"level":20,"msg":"Processed: layout/_scripts/schemes/mist.swig","time":"2016-12-25T16:46:57.209Z","v":0}
{"name":"hexo","hostname":"LAPTOP-MMQ6VIRP","pid":10192,"level":20,"msg":"Processed: source/js/src/schemes/pisces.js","time":"2016-12-25T16:46:57.210Z","v":0}
{"name":"hexo","hostname":"LAPTOP-MMQ6VIRP","pid":10192,"level":20,"msg":"Processed: source/lib/fancybox/source/blank.gif","time":"2016-12-25T16:46:57.210Z","v":0}
{"name":"hexo","hostname":"LAPTOP-MMQ6VIRP","pid":10192,"level":20,"msg":"Processed: source/lib/fancybox/source/fancybox_loading@2x.gif","time":"2016-12-25T16:46:57.210Z","v":0}
{"name":"hexo","hostname":"LAPTOP-MMQ6VIRP","pid":10192,"level":20,"msg":"Processed: source/lib/fancybox/source/fancybox_loading.gif","time":"2016-12-25T16:46:57.210Z","v":0}
{"name":"hexo","hostname":"LAPTOP-MMQ6VIRP","pid":10192,"level":20,"msg":"Processed: source/lib/fancybox/source/fancybox_overlay.png","time":"2016-12-25T16:46:57.211Z","v":0}
{"name":"hexo","hostname":"LAPTOP-MMQ6VIRP","pid":10192,"level":20,"msg":"Processed: source/lib/fancybox/source/fancybox_sprite.png","time":"2016-12-25T16:46:57.211Z","v":0}
{"name":"hexo","hostname":"LAPTOP-MMQ6VIRP","pid":10192,"level":20,"msg":"Processed: source/lib/fancybox/source/fancybox_sprite@2x.png","time":"2016-12-25T16:46:57.211Z","v":0}
{"name":"hexo","hostname":"LAPTOP-MMQ6VIRP","pid":10192,"level":20,"msg":"Processed: source/lib/fancybox/source/jquery.fancybox.css","time":"2016-12-25T16:46:57.211Z","v":0}
{"name":"hexo","hostname":"LAPTOP-MMQ6VIRP","pid":10192,"level":20,"msg":"Processed: source/lib/fancybox/source/jquery.fancybox.js","time":"2016-12-25T16:46:57.211Z","v":0}
{"name":"hexo","hostname":"LAPTOP-MMQ6VIRP","pid":10192,"level":20,"msg":"Processed: source/lib/fancybox/source/jquery.fancybox.pack.js","time":"2016-12-25T16:46:57.212Z","v":0}
{"name":"hexo","hostname":"LAPTOP-MMQ6VIRP","pid":10192,"level":20,"msg":"Processed: source/lib/fastclick/lib/fastclick.js","time":"2016-12-25T16:46:57.212Z","v":0}
{"name":"hexo","hostname":"LAPTOP-MMQ6VIRP","pid":10192,"level":20,"msg":"Processed: source/lib/fastclick/lib/fastclick.min.js","time":"2016-12-25T16:46:57.212Z","v":0}
{"name":"hexo","hostname":"LAPTOP-MMQ6VIRP","pid":10192,"level":20,"msg":"Processed: source/lib/font-awesome/css/font-awesome.css","time":"2016-12-25T16:46:57.212Z","v":0}
{"name":"hexo","hostname":"LAPTOP-MMQ6VIRP","pid":10192,"level":20,"msg":"Processed: source/lib/font-awesome/css/font-awesome.css.map","time":"2016-12-25T16:46:57.212Z","v":0}
{"name":"hexo","hostname":"LAPTOP-MMQ6VIRP","pid":10192,"level":20,"msg":"Processed: source/lib/font-awesome/css/font-awesome.min.css","time":"2016-12-25T16:46:57.213Z","v":0}
{"name":"hexo","hostname":"LAPTOP-MMQ6VIRP","pid":10192,"level":20,"msg":"Processed: source/lib/ua-parser-js/dist/ua-parser.min.js","time":"2016-12-25T16:46:57.213Z","v":0}
{"name":"hexo","hostname":"LAPTOP-MMQ6VIRP","pid":10192,"level":20,"msg":"Processed: source/lib/ua-parser-js/dist/ua-parser.pack.js","time":"2016-12-25T16:46:57.213Z","v":0}
{"name":"hexo","hostname":"LAPTOP-MMQ6VIRP","pid":10192,"level":20,"msg":"Processed: layout/_components/algolia-search/assets.swig","time":"2016-12-25T16:46:57.236Z","v":0}
{"name":"hexo","hostname":"LAPTOP-MMQ6VIRP","pid":10192,"level":20,"msg":"Processed: layout/_partials/head/external-fonts.swig","time":"2016-12-25T16:46:57.236Z","v":0}
{"name":"hexo","hostname":"LAPTOP-MMQ6VIRP","pid":10192,"level":20,"msg":"Processed: layout/_components/algolia-search/dom.swig","time":"2016-12-25T16:46:57.236Z","v":0}
{"name":"hexo","hostname":"LAPTOP-MMQ6VIRP","pid":10192,"level":20,"msg":"Processed: layout/_partials/head/custom-head.swig","time":"2016-12-25T16:46:57.236Z","v":0}
{"name":"hexo","hostname":"LAPTOP-MMQ6VIRP","pid":10192,"level":20,"msg":"Processed: layout/_partials/search/localsearch.swig","time":"2016-12-25T16:46:57.236Z","v":0}
{"name":"hexo","hostname":"LAPTOP-MMQ6VIRP","pid":10192,"level":20,"msg":"Processed: layout/_partials/search/tinysou.swig","time":"2016-12-25T16:46:57.236Z","v":0}
{"name":"hexo","hostname":"LAPTOP-MMQ6VIRP","pid":10192,"level":20,"msg":"Processed: layout/_partials/search/swiftype.swig","time":"2016-12-25T16:46:57.236Z","v":0}
{"name":"hexo","hostname":"LAPTOP-MMQ6VIRP","pid":10192,"level":20,"msg":"Processed: layout/_partials/share/add-this.swig","time":"2016-12-25T16:46:57.236Z","v":0}
{"name":"hexo","hostname":"LAPTOP-MMQ6VIRP","pid":10192,"level":20,"msg":"Processed: layout/_partials/share/baidushare.swig","time":"2016-12-25T16:46:57.236Z","v":0}
{"name":"hexo","hostname":"LAPTOP-MMQ6VIRP","pid":10192,"level":20,"msg":"Processed: layout/_partials/share/duoshuo_share.swig","time":"2016-12-25T16:46:57.236Z","v":0}
{"name":"hexo","hostname":"LAPTOP-MMQ6VIRP","pid":10192,"level":20,"msg":"Processed: layout/_scripts/pages/post-details.swig","time":"2016-12-25T16:46:57.236Z","v":0}
{"name":"hexo","hostname":"LAPTOP-MMQ6VIRP","pid":10192,"level":20,"msg":"Processed: layout/_partials/share/jiathis.swig","time":"2016-12-25T16:46:57.236Z","v":0}
{"name":"hexo","hostname":"LAPTOP-MMQ6VIRP","pid":10192,"level":20,"msg":"Processed: layout/_scripts/schemes/pisces.swig","time":"2016-12-25T16:46:57.237Z","v":0}
{"name":"hexo","hostname":"LAPTOP-MMQ6VIRP","pid":10192,"level":20,"msg":"Processed: layout/_scripts/third-party/analytics.swig","time":"2016-12-25T16:46:57.237Z","v":0}
{"name":"hexo","hostname":"LAPTOP-MMQ6VIRP","pid":10192,"level":20,"msg":"Processed: layout/_scripts/third-party/comments.swig","time":"2016-12-25T16:46:57.237Z","v":0}
{"name":"hexo","hostname":"LAPTOP-MMQ6VIRP","pid":10192,"level":20,"msg":"Processed: layout/_scripts/third-party/lean-analytics.swig","time":"2016-12-25T16:46:57.237Z","v":0}
{"name":"hexo","hostname":"LAPTOP-MMQ6VIRP","pid":10192,"level":20,"msg":"Processed: layout/_scripts/third-party/mathjax.swig","time":"2016-12-25T16:46:57.237Z","v":0}
{"name":"hexo","hostname":"LAPTOP-MMQ6VIRP","pid":10192,"level":20,"msg":"Processed: layout/_scripts/third-party/schedule.swig","time":"2016-12-25T16:46:57.237Z","v":0}
{"name":"hexo","hostname":"LAPTOP-MMQ6VIRP","pid":10192,"level":20,"msg":"Processed: layout/_scripts/third-party/localsearch.swig","time":"2016-12-25T16:46:57.237Z","v":0}
{"name":"hexo","hostname":"LAPTOP-MMQ6VIRP","pid":10192,"level":20,"msg":"Processed: layout/_scripts/third-party/tinysou.swig","time":"2016-12-25T16:46:57.237Z","v":0}
{"name":"hexo","hostname":"LAPTOP-MMQ6VIRP","pid":10192,"level":20,"msg":"Processed: source/lib/font-awesome/fonts/fontawesome-webfont.eot","time":"2016-12-25T16:46:57.238Z","v":0}
{"name":"hexo","hostname":"LAPTOP-MMQ6VIRP","pid":10192,"level":20,"msg":"Processed: source/lib/font-awesome/fonts/FontAwesome.otf","time":"2016-12-25T16:46:57.239Z","v":0}
{"name":"hexo","hostname":"LAPTOP-MMQ6VIRP","pid":10192,"level":20,"msg":"Processed: source/lib/font-awesome/fonts/fontawesome-webfont.woff","time":"2016-12-25T16:46:57.239Z","v":0}
{"name":"hexo","hostname":"LAPTOP-MMQ6VIRP","pid":10192,"level":20,"msg":"Processed: source/lib/font-awesome/fonts/fontawesome-webfont.woff2","time":"2016-12-25T16:46:57.239Z","v":0}
{"name":"hexo","hostname":"LAPTOP-MMQ6VIRP","pid":10192,"level":20,"msg":"Processed: source/lib/velocity/velocity.js","time":"2016-12-25T16:46:57.239Z","v":0}
{"name":"hexo","hostname":"LAPTOP-MMQ6VIRP","pid":10192,"level":20,"msg":"Processed: source/lib/fancybox/source/helpers/fancybox_buttons.png","time":"2016-12-25T16:46:57.249Z","v":0}
{"name":"hexo","hostname":"LAPTOP-MMQ6VIRP","pid":10192,"level":20,"msg":"Processed: source/lib/fancybox/source/helpers/jquery.fancybox-buttons.js","time":"2016-12-25T16:46:57.249Z","v":0}
{"name":"hexo","hostname":"LAPTOP-MMQ6VIRP","pid":10192,"level":20,"msg":"Processed: source/lib/fancybox/source/helpers/jquery.fancybox-media.js","time":"2016-12-25T16:46:57.250Z","v":0}
{"name":"hexo","hostname":"LAPTOP-MMQ6VIRP","pid":10192,"level":20,"msg":"Processed: source/lib/fancybox/source/helpers/jquery.fancybox-thumbs.js","time":"2016-12-25T16:46:57.250Z","v":0}
{"name":"hexo","hostname":"LAPTOP-MMQ6VIRP","pid":10192,"level":20,"msg":"Processed: source/lib/fancybox/source/helpers/jquery.fancybox-thumbs.css","time":"2016-12-25T16:46:57.250Z","v":0}
{"name":"hexo","hostname":"LAPTOP-MMQ6VIRP","pid":10192,"level":20,"msg":"Processed: source/lib/fancybox/source/helpers/jquery.fancybox-buttons.css","time":"2016-12-25T16:46:57.250Z","v":0}
{"name":"hexo","hostname":"LAPTOP-MMQ6VIRP","pid":10192,"level":20,"msg":"Processed: source/lib/font-awesome/fonts/fontawesome-webfont.ttf","time":"2016-12-25T16:46:57.251Z","v":0}
{"name":"hexo","hostname":"LAPTOP-MMQ6VIRP","pid":10192,"level":20,"msg":"Processed: layout/_scripts/third-party/analytics/baidu-analytics.swig","time":"2016-12-25T16:46:57.277Z","v":0}
{"name":"hexo","hostname":"LAPTOP-MMQ6VIRP","pid":10192,"level":20,"msg":"Processed: layout/_scripts/third-party/analytics/application-insights.swig","time":"2016-12-25T16:46:57.277Z","v":0}
{"name":"hexo","hostname":"LAPTOP-MMQ6VIRP","pid":10192,"level":20,"msg":"Processed: layout/_scripts/third-party/analytics/busuanzi-counter.swig","time":"2016-12-25T16:46:57.277Z","v":0}
{"name":"hexo","hostname":"LAPTOP-MMQ6VIRP","pid":10192,"level":20,"msg":"Processed: layout/_scripts/third-party/analytics/cnzz-analytics.swig","time":"2016-12-25T16:46:57.277Z","v":0}
{"name":"hexo","hostname":"LAPTOP-MMQ6VIRP","pid":10192,"level":20,"msg":"Processed: layout/_scripts/third-party/analytics/facebook-sdk.swig","time":"2016-12-25T16:46:57.277Z","v":0}
{"name":"hexo","hostname":"LAPTOP-MMQ6VIRP","pid":10192,"level":20,"msg":"Processed: layout/_scripts/third-party/analytics/google-analytics.swig","time":"2016-12-25T16:46:57.277Z","v":0}
{"name":"hexo","hostname":"LAPTOP-MMQ6VIRP","pid":10192,"level":20,"msg":"Processed: layout/_scripts/third-party/comments/disqus.swig","time":"2016-12-25T16:46:57.277Z","v":0}
{"name":"hexo","hostname":"LAPTOP-MMQ6VIRP","pid":10192,"level":20,"msg":"Processed: layout/_scripts/third-party/analytics/tencent-analytics.swig","time":"2016-12-25T16:46:57.277Z","v":0}
{"name":"hexo","hostname":"LAPTOP-MMQ6VIRP","pid":10192,"level":20,"msg":"Processed: layout/_scripts/third-party/comments/duoshuo.swig","time":"2016-12-25T16:46:57.277Z","v":0}
{"name":"hexo","hostname":"LAPTOP-MMQ6VIRP","pid":10192,"level":20,"msg":"Processed: layout/_scripts/third-party/comments/gentie.swig","time":"2016-12-25T16:46:57.277Z","v":0}
{"name":"hexo","hostname":"LAPTOP-MMQ6VIRP","pid":10192,"level":20,"msg":"Processed: layout/_scripts/third-party/comments/hypercomments.swig","time":"2016-12-25T16:46:57.277Z","v":0}
{"name":"hexo","hostname":"LAPTOP-MMQ6VIRP","pid":10192,"level":20,"msg":"Processed: source/lib/algolia-instant-search/instantsearch.min.js","time":"2016-12-25T16:46:57.281Z","v":0}
{"name":"hexo","hostname":"LAPTOP-MMQ6VIRP","pid":10192,"level":20,"msg":"Processed: source/lib/font-awesome/fonts/fontawesome-webfont.svg","time":"2016-12-25T16:46:57.281Z","v":0}
{"name":"hexo","hostname":"LAPTOP-MMQ6VIRP","pid":10192,"level":20,"msg":"Generator: page","time":"2016-12-25T16:46:57.705Z","v":0}
{"name":"hexo","hostname":"LAPTOP-MMQ6VIRP","pid":10192,"level":20,"msg":"Generator: post","time":"2016-12-25T16:46:57.705Z","v":0}
{"name":"hexo","hostname":"LAPTOP-MMQ6VIRP","pid":10192,"level":20,"msg":"Generator: archive","time":"2016-12-25T16:46:57.705Z","v":0}
{"name":"hexo","hostname":"LAPTOP-MMQ6VIRP","pid":10192,"level":20,"msg":"Generator: category","time":"2016-12-25T16:46:57.705Z","v":0}
{"name":"hexo","hostname":"LAPTOP-MMQ6VIRP","pid":10192,"level":20,"msg":"Generator: index","time":"2016-12-25T16:46:57.705Z","v":0}
{"name":"hexo","hostname":"LAPTOP-MMQ6VIRP","pid":10192,"level":20,"msg":"Generator: tag","time":"2016-12-25T16:46:57.705Z","v":0}
{"name":"hexo","hostname":"LAPTOP-MMQ6VIRP","pid":10192,"level":20,"msg":"Generator: asset","time":"2016-12-25T16:46:57.707Z","v":0}
{"name":"hexo","hostname":"LAPTOP-MMQ6VIRP","pid":10192,"level":30,"msg":"Hexo is running at http://localhost:4000/. Press Ctrl+C to stop.","time":"2016-12-25T16:46:57.715Z","v":0}
{"name":"hexo","hostname":"LAPTOP-MMQ6VIRP","pid":10192,"level":20,"msg":"Database saved","time":"2016-12-25T16:46:57.746Z","v":0}
{"name":"hexo","hostname":"LAPTOP-MMQ6VIRP","pid":10192,"level":20,"msg":"Rendering index: index.html","time":"2016-12-25T16:47:06.951Z","v":0}
{"name":"hexo","hostname":"LAPTOP-MMQ6VIRP","pid":10192,"level":20,"msg":"Theme config loaded.","time":"2016-12-25T16:50:52.833Z","v":0}
{"name":"hexo","hostname":"LAPTOP-MMQ6VIRP","pid":10192,"level":20,"msg":"Processed: _config.yml","time":"2016-12-25T16:50:52.834Z","v":0}
{"name":"hexo","hostname":"LAPTOP-MMQ6VIRP","pid":10192,"level":20,"msg":"Generator: page","time":"2016-12-25T16:50:52.967Z","v":0}
{"name":"hexo","hostname":"LAPTOP-MMQ6VIRP","pid":10192,"level":20,"msg":"Generator: post","time":"2016-12-25T16:50:52.967Z","v":0}
{"name":"hexo","hostname":"LAPTOP-MMQ6VIRP","pid":10192,"level":20,"msg":"Generator: archive","time":"2016-12-25T16:50:52.967Z","v":0}
{"name":"hexo","hostname":"LAPTOP-MMQ6VIRP","pid":10192,"level":20,"msg":"Generator: category","time":"2016-12-25T16:50:52.967Z","v":0}
{"name":"hexo","hostname":"LAPTOP-MMQ6VIRP","pid":10192,"level":20,"msg":"Generator: index","time":"2016-12-25T16:50:52.967Z","v":0}
{"name":"hexo","hostname":"LAPTOP-MMQ6VIRP","pid":10192,"level":20,"msg":"Generator: tag","time":"2016-12-25T16:50:52.967Z","v":0}
{"name":"hexo","hostname":"LAPTOP-MMQ6VIRP","pid":10192,"level":20,"msg":"Generator: asset","time":"2016-12-25T16:50:52.972Z","v":0}
{"name":"hexo","hostname":"LAPTOP-MMQ6VIRP","pid":15992,"level":20,"msg":"Hexo version: 3.2.2","time":"2016-12-25T16:51:19.289Z","v":0}
{"name":"hexo","hostname":"LAPTOP-MMQ6VIRP","pid":15992,"level":20,"msg":"Working directory: ~\\effielikesmilk.github.io\\","time":"2016-12-25T16:51:19.291Z","v":0}
{"name":"hexo","hostname":"LAPTOP-MMQ6VIRP","pid":15992,"level":20,"msg":"Config loaded: ~\\effielikesmilk.github.io\\_config.yml","time":"2016-12-25T16:51:19.510Z","v":0}
{"name":"hexo","hostname":"LAPTOP-MMQ6VIRP","pid":15992,"level":20,"msg":"Plugin loaded: hexo-deployer-git","time":"2016-12-25T16:51:19.538Z","v":0}
{"name":"hexo","hostname":"LAPTOP-MMQ6VIRP","pid":15992,"level":20,"msg":"Plugin loaded: hexo-generator-archive","time":"2016-12-25T16:51:19.544Z","v":0}
{"name":"hexo","hostname":"LAPTOP-MMQ6VIRP","pid":15992,"level":20,"msg":"Plugin loaded: hexo-generator-category","time":"2016-12-25T16:51:19.548Z","v":0}
{"name":"hexo","hostname":"LAPTOP-MMQ6VIRP","pid":15992,"level":20,"msg":"Plugin loaded: hexo-generator-index","time":"2016-12-25T16:51:19.551Z","v":0}
{"name":"hexo","hostname":"LAPTOP-MMQ6VIRP","pid":15992,"level":20,"msg":"Plugin loaded: hexo-renderer-ejs","time":"2016-12-25T16:51:19.557Z","v":0}
{"name":"hexo","hostname":"LAPTOP-MMQ6VIRP","pid":15992,"level":20,"msg":"Plugin loaded: hexo-renderer-marked","time":"2016-12-25T16:51:19.565Z","v":0}
{"name":"hexo","hostname":"LAPTOP-MMQ6VIRP","pid":15992,"level":20,"msg":"Plugin loaded: hexo-generator-tag","time":"2016-12-25T16:51:19.569Z","v":0}
{"name":"hexo","hostname":"LAPTOP-MMQ6VIRP","pid":15992,"level":20,"msg":"Plugin loaded: hexo-server","time":"2016-12-25T16:51:19.685Z","v":0}
{"name":"hexo","hostname":"LAPTOP-MMQ6VIRP","pid":15992,"level":20,"msg":"Plugin loaded: hexo-renderer-stylus","time":"2016-12-25T16:51:19.686Z","v":0}
{"name":"hexo","hostname":"LAPTOP-MMQ6VIRP","pid":15992,"level":20,"msg":"Script loaded: themes\\mynext\\scripts\\merge-configs.js","time":"2016-12-25T16:51:19.688Z","v":0}
{"name":"hexo","hostname":"LAPTOP-MMQ6VIRP","pid":15992,"level":20,"msg":"Script loaded: themes\\mynext\\scripts\\tags\\full-image.js","time":"2016-12-25T16:51:19.688Z","v":0}
{"name":"hexo","hostname":"LAPTOP-MMQ6VIRP","pid":15992,"level":20,"msg":"Script loaded: themes\\mynext\\scripts\\tags\\center-quote.js","time":"2016-12-25T16:51:19.689Z","v":0}
{"name":"hexo","hostname":"LAPTOP-MMQ6VIRP","pid":15992,"level":20,"msg":"Script loaded: themes\\mynext\\scripts\\tags\\group-pictures.js","time":"2016-12-25T16:51:19.690Z","v":0}
{"name":"hexo","hostname":"LAPTOP-MMQ6VIRP","pid":15992,"level":20,"msg":"Script loaded: themes\\mynext\\scripts\\tags\\note.js","time":"2016-12-25T16:51:19.690Z","v":0}
{"name":"hexo","hostname":"LAPTOP-MMQ6VIRP","pid":15992,"level":20,"msg":"Loading database.","time":"2016-12-25T16:51:19.701Z","v":0}
{"name":"hexo","hostname":"LAPTOP-MMQ6VIRP","pid":15992,"level":30,"msg":"Start processing","time":"2016-12-25T16:51:19.768Z","v":0}
{"name":"hexo","hostname":"LAPTOP-MMQ6VIRP","pid":15992,"level":20,"msg":"Processed: _posts/hello-world.md","time":"2016-12-25T16:51:19.887Z","v":0}
{"name":"hexo","hostname":"LAPTOP-MMQ6VIRP","pid":15992,"level":20,"msg":"Theme config loaded.","time":"2016-12-25T16:51:19.970Z","v":0}
{"name":"hexo","hostname":"LAPTOP-MMQ6VIRP","pid":15992,"level":20,"msg":"Processed: _config.yml","time":"2016-12-25T16:51:19.973Z","v":0}
{"name":"hexo","hostname":"LAPTOP-MMQ6VIRP","pid":15992,"level":20,"msg":"Processed: source/css/main.styl","time":"2016-12-25T16:51:19.973Z","v":0}
{"name":"hexo","hostname":"LAPTOP-MMQ6VIRP","pid":15992,"level":20,"msg":"Processed: source/images/avatar.gif","time":"2016-12-25T16:51:19.974Z","v":0}
{"name":"hexo","hostname":"LAPTOP-MMQ6VIRP","pid":15992,"level":20,"msg":"Processed: source/images/algolia_logo.svg","time":"2016-12-25T16:51:19.979Z","v":0}
{"name":"hexo","hostname":"LAPTOP-MMQ6VIRP","pid":15992,"level":20,"msg":"Processed: source/images/cc-by-nc-nd.svg","time":"2016-12-25T16:51:19.979Z","v":0}
{"name":"hexo","hostname":"LAPTOP-MMQ6VIRP","pid":15992,"level":20,"msg":"Processed: source/images/cc-by-nc-sa.svg","time":"2016-12-25T16:51:19.982Z","v":0}
{"name":"hexo","hostname":"LAPTOP-MMQ6VIRP","pid":15992,"level":20,"msg":"Processed: source/images/cc-by-nc.svg","time":"2016-12-25T16:51:19.983Z","v":0}
{"name":"hexo","hostname":"LAPTOP-MMQ6VIRP","pid":15992,"level":20,"msg":"Processed: source/images/cc-by-nd.svg","time":"2016-12-25T16:51:19.983Z","v":0}
{"name":"hexo","hostname":"LAPTOP-MMQ6VIRP","pid":15992,"level":20,"msg":"Processed: source/images/cc-by-sa.svg","time":"2016-12-25T16:51:19.984Z","v":0}
{"name":"hexo","hostname":"LAPTOP-MMQ6VIRP","pid":15992,"level":20,"msg":"Processed: source/images/cc-by.svg","time":"2016-12-25T16:51:19.987Z","v":0}
{"name":"hexo","hostname":"LAPTOP-MMQ6VIRP","pid":15992,"level":20,"msg":"Processed: source/images/cc-zero.svg","time":"2016-12-25T16:51:19.988Z","v":0}
{"name":"hexo","hostname":"LAPTOP-MMQ6VIRP","pid":15992,"level":20,"msg":"Processed: source/images/loading.gif","time":"2016-12-25T16:51:19.988Z","v":0}
{"name":"hexo","hostname":"LAPTOP-MMQ6VIRP","pid":15992,"level":20,"msg":"Processed: source/images/placeholder.gif","time":"2016-12-25T16:51:19.988Z","v":0}
{"name":"hexo","hostname":"LAPTOP-MMQ6VIRP","pid":15992,"level":20,"msg":"Processed: source/images/quote-l.svg","time":"2016-12-25T16:51:19.988Z","v":0}
{"name":"hexo","hostname":"LAPTOP-MMQ6VIRP","pid":15992,"level":20,"msg":"Processed: source/images/quote-r.svg","time":"2016-12-25T16:51:19.989Z","v":0}
{"name":"hexo","hostname":"LAPTOP-MMQ6VIRP","pid":15992,"level":20,"msg":"Processed: source/images/searchicon.png","time":"2016-12-25T16:51:19.989Z","v":0}
{"name":"hexo","hostname":"LAPTOP-MMQ6VIRP","pid":15992,"level":20,"msg":"Processed: layout/_layout.swig","time":"2016-12-25T16:51:20.258Z","v":0}
{"name":"hexo","hostname":"LAPTOP-MMQ6VIRP","pid":15992,"level":20,"msg":"Processed: layout/archive.swig","time":"2016-12-25T16:51:20.258Z","v":0}
{"name":"hexo","hostname":"LAPTOP-MMQ6VIRP","pid":15992,"level":20,"msg":"Processed: layout/category.swig","time":"2016-12-25T16:51:20.259Z","v":0}
{"name":"hexo","hostname":"LAPTOP-MMQ6VIRP","pid":15992,"level":20,"msg":"Processed: layout/index.swig","time":"2016-12-25T16:51:20.259Z","v":0}
{"name":"hexo","hostname":"LAPTOP-MMQ6VIRP","pid":15992,"level":20,"msg":"Processed: layout/page.swig","time":"2016-12-25T16:51:20.259Z","v":0}
{"name":"hexo","hostname":"LAPTOP-MMQ6VIRP","pid":15992,"level":20,"msg":"Processed: layout/post.swig","time":"2016-12-25T16:51:20.259Z","v":0}
{"name":"hexo","hostname":"LAPTOP-MMQ6VIRP","pid":15992,"level":20,"msg":"Processed: layout/tag.swig","time":"2016-12-25T16:51:20.259Z","v":0}
{"name":"hexo","hostname":"LAPTOP-MMQ6VIRP","pid":15992,"level":20,"msg":"Processed: layout/schedule.swig","time":"2016-12-25T16:51:20.259Z","v":0}
{"name":"hexo","hostname":"LAPTOP-MMQ6VIRP","pid":15992,"level":20,"msg":"Processed: languages/default.yml","time":"2016-12-25T16:51:20.272Z","v":0}
{"name":"hexo","hostname":"LAPTOP-MMQ6VIRP","pid":15992,"level":20,"msg":"Processed: languages/de.yml","time":"2016-12-25T16:51:20.272Z","v":0}
{"name":"hexo","hostname":"LAPTOP-MMQ6VIRP","pid":15992,"level":20,"msg":"Processed: languages/ja.yml","time":"2016-12-25T16:51:20.272Z","v":0}
{"name":"hexo","hostname":"LAPTOP-MMQ6VIRP","pid":15992,"level":20,"msg":"Processed: languages/id.yml","time":"2016-12-25T16:51:20.272Z","v":0}
{"name":"hexo","hostname":"LAPTOP-MMQ6VIRP","pid":15992,"level":20,"msg":"Processed: languages/fr-FR.yml","time":"2016-12-25T16:51:20.272Z","v":0}
{"name":"hexo","hostname":"LAPTOP-MMQ6VIRP","pid":15992,"level":20,"msg":"Processed: languages/pt-BR.yml","time":"2016-12-25T16:51:20.272Z","v":0}
{"name":"hexo","hostname":"LAPTOP-MMQ6VIRP","pid":15992,"level":20,"msg":"Processed: languages/ko.yml","time":"2016-12-25T16:51:20.272Z","v":0}
{"name":"hexo","hostname":"LAPTOP-MMQ6VIRP","pid":15992,"level":20,"msg":"Processed: languages/pt.yml","time":"2016-12-25T16:51:20.273Z","v":0}
{"name":"hexo","hostname":"LAPTOP-MMQ6VIRP","pid":15992,"level":20,"msg":"Processed: languages/ru.yml","time":"2016-12-25T16:51:20.273Z","v":0}
{"name":"hexo","hostname":"LAPTOP-MMQ6VIRP","pid":15992,"level":20,"msg":"Processed: languages/zh-hk.yml","time":"2016-12-25T16:51:20.273Z","v":0}
{"name":"hexo","hostname":"LAPTOP-MMQ6VIRP","pid":15992,"level":20,"msg":"Processed: languages/zh-Hans.yml","time":"2016-12-25T16:51:20.273Z","v":0}
{"name":"hexo","hostname":"LAPTOP-MMQ6VIRP","pid":15992,"level":20,"msg":"Processed: languages/zh-tw.yml","time":"2016-12-25T16:51:20.275Z","v":0}
{"name":"hexo","hostname":"LAPTOP-MMQ6VIRP","pid":15992,"level":20,"msg":"Processed: languages/en.yml","time":"2016-12-25T16:51:20.276Z","v":0}
{"name":"hexo","hostname":"LAPTOP-MMQ6VIRP","pid":15992,"level":20,"msg":"Processed: source/lib/algolia-instant-search/instantsearch.min.css","time":"2016-12-25T16:51:20.276Z","v":0}
{"name":"hexo","hostname":"LAPTOP-MMQ6VIRP","pid":15992,"level":20,"msg":"Processed: source/lib/fastclick/LICENSE","time":"2016-12-25T16:51:20.280Z","v":0}
{"name":"hexo","hostname":"LAPTOP-MMQ6VIRP","pid":15992,"level":20,"msg":"Processed: source/lib/fastclick/README.md","time":"2016-12-25T16:51:20.280Z","v":0}
{"name":"hexo","hostname":"LAPTOP-MMQ6VIRP","pid":15992,"level":20,"msg":"Processed: source/lib/fastclick/bower.json","time":"2016-12-25T16:51:20.281Z","v":0}
{"name":"hexo","hostname":"LAPTOP-MMQ6VIRP","pid":15992,"level":20,"msg":"Processed: source/lib/font-awesome/HELP-US-OUT.txt","time":"2016-12-25T16:51:20.282Z","v":0}
{"name":"hexo","hostname":"LAPTOP-MMQ6VIRP","pid":15992,"level":20,"msg":"Processed: source/lib/font-awesome/bower.json","time":"2016-12-25T16:51:20.282Z","v":0}
{"name":"hexo","hostname":"LAPTOP-MMQ6VIRP","pid":15992,"level":20,"msg":"Processed: source/lib/jquery_lazyload/CONTRIBUTING.md","time":"2016-12-25T16:51:20.282Z","v":0}
{"name":"hexo","hostname":"LAPTOP-MMQ6VIRP","pid":15992,"level":20,"msg":"Processed: source/lib/jquery_lazyload/README.md","time":"2016-12-25T16:51:20.283Z","v":0}
{"name":"hexo","hostname":"LAPTOP-MMQ6VIRP","pid":15992,"level":20,"msg":"Processed: source/lib/jquery_lazyload/bower.json","time":"2016-12-25T16:51:20.283Z","v":0}
{"name":"hexo","hostname":"LAPTOP-MMQ6VIRP","pid":15992,"level":20,"msg":"Processed: source/lib/jquery_lazyload/jquery.lazyload.js","time":"2016-12-25T16:51:20.283Z","v":0}
{"name":"hexo","hostname":"LAPTOP-MMQ6VIRP","pid":15992,"level":20,"msg":"Processed: source/lib/jquery_lazyload/jquery.scrollstop.js","time":"2016-12-25T16:51:20.284Z","v":0}
{"name":"hexo","hostname":"LAPTOP-MMQ6VIRP","pid":15992,"level":20,"msg":"Processed: source/lib/velocity/bower.json","time":"2016-12-25T16:51:20.285Z","v":0}
{"name":"hexo","hostname":"LAPTOP-MMQ6VIRP","pid":15992,"level":20,"msg":"Processed: source/lib/velocity/velocity.min.js","time":"2016-12-25T16:51:20.285Z","v":0}
{"name":"hexo","hostname":"LAPTOP-MMQ6VIRP","pid":15992,"level":20,"msg":"Processed: source/lib/velocity/velocity.ui.js","time":"2016-12-25T16:51:20.285Z","v":0}
{"name":"hexo","hostname":"LAPTOP-MMQ6VIRP","pid":15992,"level":20,"msg":"Processed: source/lib/velocity/velocity.ui.min.js","time":"2016-12-25T16:51:20.286Z","v":0}
{"name":"hexo","hostname":"LAPTOP-MMQ6VIRP","pid":15992,"level":20,"msg":"Processed: source/js/src/affix.js","time":"2016-12-25T16:51:20.307Z","v":0}
{"name":"hexo","hostname":"LAPTOP-MMQ6VIRP","pid":15992,"level":20,"msg":"Processed: source/js/src/bootstrap.js","time":"2016-12-25T16:51:20.308Z","v":0}
{"name":"hexo","hostname":"LAPTOP-MMQ6VIRP","pid":15992,"level":20,"msg":"Processed: source/js/src/algolia-search.js","time":"2016-12-25T16:51:20.308Z","v":0}
{"name":"hexo","hostname":"LAPTOP-MMQ6VIRP","pid":15992,"level":20,"msg":"Processed: source/js/src/hook-duoshuo.js","time":"2016-12-25T16:51:20.308Z","v":0}
{"name":"hexo","hostname":"LAPTOP-MMQ6VIRP","pid":15992,"level":20,"msg":"Processed: source/js/src/motion.js","time":"2016-12-25T16:51:20.308Z","v":0}
{"name":"hexo","hostname":"LAPTOP-MMQ6VIRP","pid":15992,"level":20,"msg":"Processed: source/js/src/post-details.js","time":"2016-12-25T16:51:20.308Z","v":0}
{"name":"hexo","hostname":"LAPTOP-MMQ6VIRP","pid":15992,"level":20,"msg":"Processed: source/js/src/scrollspy.js","time":"2016-12-25T16:51:20.308Z","v":0}
{"name":"hexo","hostname":"LAPTOP-MMQ6VIRP","pid":15992,"level":20,"msg":"Processed: source/js/src/utils.js","time":"2016-12-25T16:51:20.309Z","v":0}
{"name":"hexo","hostname":"LAPTOP-MMQ6VIRP","pid":15992,"level":20,"msg":"Processed: source/lib/jquery/index.js","time":"2016-12-25T16:51:20.309Z","v":0}
{"name":"hexo","hostname":"LAPTOP-MMQ6VIRP","pid":15992,"level":20,"msg":"Processed: layout/_custom/header.swig","time":"2016-12-25T16:51:20.377Z","v":0}
{"name":"hexo","hostname":"LAPTOP-MMQ6VIRP","pid":15992,"level":20,"msg":"Processed: layout/_custom/sidebar.swig","time":"2016-12-25T16:51:20.377Z","v":0}
{"name":"hexo","hostname":"LAPTOP-MMQ6VIRP","pid":15992,"level":20,"msg":"Processed: layout/_macro/post.swig","time":"2016-12-25T16:51:20.377Z","v":0}
{"name":"hexo","hostname":"LAPTOP-MMQ6VIRP","pid":15992,"level":20,"msg":"Processed: layout/_macro/post-collapse.swig","time":"2016-12-25T16:51:20.377Z","v":0}
{"name":"hexo","hostname":"LAPTOP-MMQ6VIRP","pid":15992,"level":20,"msg":"Processed: layout/_macro/reward.swig","time":"2016-12-25T16:51:20.377Z","v":0}
{"name":"hexo","hostname":"LAPTOP-MMQ6VIRP","pid":15992,"level":20,"msg":"Processed: layout/_macro/sidebar.swig","time":"2016-12-25T16:51:20.377Z","v":0}
{"name":"hexo","hostname":"LAPTOP-MMQ6VIRP","pid":15992,"level":20,"msg":"Processed: layout/_macro/wechat-subscriber.swig","time":"2016-12-25T16:51:20.377Z","v":0}
{"name":"hexo","hostname":"LAPTOP-MMQ6VIRP","pid":15992,"level":20,"msg":"Processed: layout/_partials/comments.swig","time":"2016-12-25T16:51:20.377Z","v":0}
{"name":"hexo","hostname":"LAPTOP-MMQ6VIRP","pid":15992,"level":20,"msg":"Processed: layout/_partials/duoshuo-hot-articles.swig","time":"2016-12-25T16:51:20.377Z","v":0}
{"name":"hexo","hostname":"LAPTOP-MMQ6VIRP","pid":15992,"level":20,"msg":"Processed: layout/_partials/footer.swig","time":"2016-12-25T16:51:20.377Z","v":0}
{"name":"hexo","hostname":"LAPTOP-MMQ6VIRP","pid":15992,"level":20,"msg":"Processed: layout/_partials/head.swig","time":"2016-12-25T16:51:20.378Z","v":0}
{"name":"hexo","hostname":"LAPTOP-MMQ6VIRP","pid":15992,"level":20,"msg":"Processed: layout/_partials/header.swig","time":"2016-12-25T16:51:20.378Z","v":0}
{"name":"hexo","hostname":"LAPTOP-MMQ6VIRP","pid":15992,"level":20,"msg":"Processed: layout/_partials/page-header.swig","time":"2016-12-25T16:51:20.378Z","v":0}
{"name":"hexo","hostname":"LAPTOP-MMQ6VIRP","pid":15992,"level":20,"msg":"Processed: layout/_partials/pagination.swig","time":"2016-12-25T16:51:20.378Z","v":0}
{"name":"hexo","hostname":"LAPTOP-MMQ6VIRP","pid":15992,"level":20,"msg":"Processed: layout/_partials/search.swig","time":"2016-12-25T16:51:20.378Z","v":0}
{"name":"hexo","hostname":"LAPTOP-MMQ6VIRP","pid":15992,"level":20,"msg":"Processed: layout/_scripts/baidu-push.swig","time":"2016-12-25T16:51:20.378Z","v":0}
{"name":"hexo","hostname":"LAPTOP-MMQ6VIRP","pid":15992,"level":20,"msg":"Processed: layout/_scripts/boostrap.swig","time":"2016-12-25T16:51:20.378Z","v":0}
{"name":"hexo","hostname":"LAPTOP-MMQ6VIRP","pid":15992,"level":20,"msg":"Processed: layout/_scripts/commons.swig","time":"2016-12-25T16:51:20.378Z","v":0}
{"name":"hexo","hostname":"LAPTOP-MMQ6VIRP","pid":15992,"level":20,"msg":"Processed: layout/_scripts/vendors.swig","time":"2016-12-25T16:51:20.378Z","v":0}
{"name":"hexo","hostname":"LAPTOP-MMQ6VIRP","pid":15992,"level":20,"msg":"Processed: source/lib/fancybox/source/blank.gif","time":"2016-12-25T16:51:20.385Z","v":0}
{"name":"hexo","hostname":"LAPTOP-MMQ6VIRP","pid":15992,"level":20,"msg":"Processed: source/lib/fancybox/source/fancybox_loading.gif","time":"2016-12-25T16:51:20.386Z","v":0}
{"name":"hexo","hostname":"LAPTOP-MMQ6VIRP","pid":15992,"level":20,"msg":"Processed: source/lib/fancybox/source/fancybox_overlay.png","time":"2016-12-25T16:51:20.386Z","v":0}
{"name":"hexo","hostname":"LAPTOP-MMQ6VIRP","pid":15992,"level":20,"msg":"Processed: source/lib/fancybox/source/fancybox_loading@2x.gif","time":"2016-12-25T16:51:20.386Z","v":0}
{"name":"hexo","hostname":"LAPTOP-MMQ6VIRP","pid":15992,"level":20,"msg":"Processed: source/lib/fancybox/source/fancybox_sprite.png","time":"2016-12-25T16:51:20.386Z","v":0}
{"name":"hexo","hostname":"LAPTOP-MMQ6VIRP","pid":15992,"level":20,"msg":"Processed: source/lib/fancybox/source/fancybox_sprite@2x.png","time":"2016-12-25T16:51:20.386Z","v":0}
{"name":"hexo","hostname":"LAPTOP-MMQ6VIRP","pid":15992,"level":20,"msg":"Processed: source/lib/fancybox/source/jquery.fancybox.css","time":"2016-12-25T16:51:20.386Z","v":0}
{"name":"hexo","hostname":"LAPTOP-MMQ6VIRP","pid":15992,"level":20,"msg":"Processed: source/lib/fancybox/source/jquery.fancybox.js","time":"2016-12-25T16:51:20.386Z","v":0}
{"name":"hexo","hostname":"LAPTOP-MMQ6VIRP","pid":15992,"level":20,"msg":"Processed: source/lib/fancybox/source/jquery.fancybox.pack.js","time":"2016-12-25T16:51:20.386Z","v":0}
{"name":"hexo","hostname":"LAPTOP-MMQ6VIRP","pid":15992,"level":20,"msg":"Processed: source/lib/fastclick/lib/fastclick.js","time":"2016-12-25T16:51:20.387Z","v":0}
{"name":"hexo","hostname":"LAPTOP-MMQ6VIRP","pid":15992,"level":20,"msg":"Processed: source/lib/fastclick/lib/fastclick.min.js","time":"2016-12-25T16:51:20.387Z","v":0}
{"name":"hexo","hostname":"LAPTOP-MMQ6VIRP","pid":15992,"level":20,"msg":"Processed: source/lib/font-awesome/css/font-awesome.css","time":"2016-12-25T16:51:20.387Z","v":0}
{"name":"hexo","hostname":"LAPTOP-MMQ6VIRP","pid":15992,"level":20,"msg":"Processed: source/lib/font-awesome/css/font-awesome.css.map","time":"2016-12-25T16:51:20.387Z","v":0}
{"name":"hexo","hostname":"LAPTOP-MMQ6VIRP","pid":15992,"level":20,"msg":"Processed: source/lib/font-awesome/css/font-awesome.min.css","time":"2016-12-25T16:51:20.387Z","v":0}
{"name":"hexo","hostname":"LAPTOP-MMQ6VIRP","pid":15992,"level":20,"msg":"Processed: source/lib/ua-parser-js/dist/ua-parser.min.js","time":"2016-12-25T16:51:20.387Z","v":0}
{"name":"hexo","hostname":"LAPTOP-MMQ6VIRP","pid":15992,"level":20,"msg":"Processed: source/lib/ua-parser-js/dist/ua-parser.pack.js","time":"2016-12-25T16:51:20.387Z","v":0}
{"name":"hexo","hostname":"LAPTOP-MMQ6VIRP","pid":15992,"level":20,"msg":"Processed: layout/_scripts/schemes/mist.swig","time":"2016-12-25T16:51:20.392Z","v":0}
{"name":"hexo","hostname":"LAPTOP-MMQ6VIRP","pid":15992,"level":20,"msg":"Processed: layout/_scripts/schemes/muse.swig","time":"2016-12-25T16:51:20.392Z","v":0}
{"name":"hexo","hostname":"LAPTOP-MMQ6VIRP","pid":15992,"level":20,"msg":"Processed: source/js/src/schemes/pisces.js","time":"2016-12-25T16:51:20.393Z","v":0}
{"name":"hexo","hostname":"LAPTOP-MMQ6VIRP","pid":15992,"level":20,"msg":"Processed: source/lib/font-awesome/fonts/FontAwesome.otf","time":"2016-12-25T16:51:20.393Z","v":0}
{"name":"hexo","hostname":"LAPTOP-MMQ6VIRP","pid":15992,"level":20,"msg":"Processed: source/lib/font-awesome/fonts/fontawesome-webfont.eot","time":"2016-12-25T16:51:20.393Z","v":0}
{"name":"hexo","hostname":"LAPTOP-MMQ6VIRP","pid":15992,"level":20,"msg":"Processed: source/lib/font-awesome/fonts/fontawesome-webfont.woff2","time":"2016-12-25T16:51:20.394Z","v":0}
{"name":"hexo","hostname":"LAPTOP-MMQ6VIRP","pid":15992,"level":20,"msg":"Processed: source/lib/font-awesome/fonts/fontawesome-webfont.woff","time":"2016-12-25T16:51:20.394Z","v":0}
{"name":"hexo","hostname":"LAPTOP-MMQ6VIRP","pid":15992,"level":20,"msg":"Processed: source/lib/velocity/velocity.js","time":"2016-12-25T16:51:20.394Z","v":0}
{"name":"hexo","hostname":"LAPTOP-MMQ6VIRP","pid":15992,"level":20,"msg":"Processed: layout/_partials/head/external-fonts.swig","time":"2016-12-25T16:51:20.415Z","v":0}
{"name":"hexo","hostname":"LAPTOP-MMQ6VIRP","pid":15992,"level":20,"msg":"Processed: layout/_components/algolia-search/assets.swig","time":"2016-12-25T16:51:20.415Z","v":0}
{"name":"hexo","hostname":"LAPTOP-MMQ6VIRP","pid":15992,"level":20,"msg":"Processed: layout/_partials/head/custom-head.swig","time":"2016-12-25T16:51:20.415Z","v":0}
{"name":"hexo","hostname":"LAPTOP-MMQ6VIRP","pid":15992,"level":20,"msg":"Processed: layout/_partials/search/localsearch.swig","time":"2016-12-25T16:51:20.416Z","v":0}
{"name":"hexo","hostname":"LAPTOP-MMQ6VIRP","pid":15992,"level":20,"msg":"Processed: layout/_components/algolia-search/dom.swig","time":"2016-12-25T16:51:20.416Z","v":0}
{"name":"hexo","hostname":"LAPTOP-MMQ6VIRP","pid":15992,"level":20,"msg":"Processed: layout/_partials/search/swiftype.swig","time":"2016-12-25T16:51:20.416Z","v":0}
{"name":"hexo","hostname":"LAPTOP-MMQ6VIRP","pid":15992,"level":20,"msg":"Processed: layout/_partials/search/tinysou.swig","time":"2016-12-25T16:51:20.416Z","v":0}
{"name":"hexo","hostname":"LAPTOP-MMQ6VIRP","pid":15992,"level":20,"msg":"Processed: layout/_partials/share/add-this.swig","time":"2016-12-25T16:51:20.416Z","v":0}
{"name":"hexo","hostname":"LAPTOP-MMQ6VIRP","pid":15992,"level":20,"msg":"Processed: layout/_partials/share/duoshuo_share.swig","time":"2016-12-25T16:51:20.416Z","v":0}
{"name":"hexo","hostname":"LAPTOP-MMQ6VIRP","pid":15992,"level":20,"msg":"Processed: layout/_partials/share/baidushare.swig","time":"2016-12-25T16:51:20.416Z","v":0}
{"name":"hexo","hostname":"LAPTOP-MMQ6VIRP","pid":15992,"level":20,"msg":"Processed: layout/_partials/share/jiathis.swig","time":"2016-12-25T16:51:20.416Z","v":0}
{"name":"hexo","hostname":"LAPTOP-MMQ6VIRP","pid":15992,"level":20,"msg":"Processed: layout/_scripts/schemes/pisces.swig","time":"2016-12-25T16:51:20.416Z","v":0}
{"name":"hexo","hostname":"LAPTOP-MMQ6VIRP","pid":15992,"level":20,"msg":"Processed: layout/_scripts/pages/post-details.swig","time":"2016-12-25T16:51:20.416Z","v":0}
{"name":"hexo","hostname":"LAPTOP-MMQ6VIRP","pid":15992,"level":20,"msg":"Processed: layout/_scripts/third-party/comments.swig","time":"2016-12-25T16:51:20.416Z","v":0}
{"name":"hexo","hostname":"LAPTOP-MMQ6VIRP","pid":15992,"level":20,"msg":"Processed: layout/_scripts/third-party/analytics.swig","time":"2016-12-25T16:51:20.416Z","v":0}
{"name":"hexo","hostname":"LAPTOP-MMQ6VIRP","pid":15992,"level":20,"msg":"Processed: layout/_scripts/third-party/lean-analytics.swig","time":"2016-12-25T16:51:20.416Z","v":0}
{"name":"hexo","hostname":"LAPTOP-MMQ6VIRP","pid":15992,"level":20,"msg":"Processed: layout/_scripts/third-party/mathjax.swig","time":"2016-12-25T16:51:20.416Z","v":0}
{"name":"hexo","hostname":"LAPTOP-MMQ6VIRP","pid":15992,"level":20,"msg":"Processed: layout/_scripts/third-party/localsearch.swig","time":"2016-12-25T16:51:20.416Z","v":0}
{"name":"hexo","hostname":"LAPTOP-MMQ6VIRP","pid":15992,"level":20,"msg":"Processed: layout/_scripts/third-party/schedule.swig","time":"2016-12-25T16:51:20.416Z","v":0}
{"name":"hexo","hostname":"LAPTOP-MMQ6VIRP","pid":15992,"level":20,"msg":"Processed: layout/_scripts/third-party/tinysou.swig","time":"2016-12-25T16:51:20.417Z","v":0}
{"name":"hexo","hostname":"LAPTOP-MMQ6VIRP","pid":15992,"level":20,"msg":"Processed: source/lib/fancybox/source/helpers/jquery.fancybox-buttons.css","time":"2016-12-25T16:51:20.420Z","v":0}
{"name":"hexo","hostname":"LAPTOP-MMQ6VIRP","pid":15992,"level":20,"msg":"Processed: source/lib/fancybox/source/helpers/jquery.fancybox-buttons.js","time":"2016-12-25T16:51:20.420Z","v":0}
{"name":"hexo","hostname":"LAPTOP-MMQ6VIRP","pid":15992,"level":20,"msg":"Processed: source/lib/fancybox/source/helpers/fancybox_buttons.png","time":"2016-12-25T16:51:20.421Z","v":0}
{"name":"hexo","hostname":"LAPTOP-MMQ6VIRP","pid":15992,"level":20,"msg":"Processed: source/lib/fancybox/source/helpers/jquery.fancybox-media.js","time":"2016-12-25T16:51:20.422Z","v":0}
{"name":"hexo","hostname":"LAPTOP-MMQ6VIRP","pid":15992,"level":20,"msg":"Processed: source/lib/fancybox/source/helpers/jquery.fancybox-thumbs.css","time":"2016-12-25T16:51:20.422Z","v":0}
{"name":"hexo","hostname":"LAPTOP-MMQ6VIRP","pid":15992,"level":20,"msg":"Processed: source/lib/fancybox/source/helpers/jquery.fancybox-thumbs.js","time":"2016-12-25T16:51:20.422Z","v":0}
{"name":"hexo","hostname":"LAPTOP-MMQ6VIRP","pid":15992,"level":20,"msg":"Processed: source/lib/font-awesome/fonts/fontawesome-webfont.ttf","time":"2016-12-25T16:51:20.422Z","v":0}
{"name":"hexo","hostname":"LAPTOP-MMQ6VIRP","pid":15992,"level":20,"msg":"Processed: layout/_scripts/third-party/analytics/baidu-analytics.swig","time":"2016-12-25T16:51:20.438Z","v":0}
{"name":"hexo","hostname":"LAPTOP-MMQ6VIRP","pid":15992,"level":20,"msg":"Processed: layout/_scripts/third-party/analytics/application-insights.swig","time":"2016-12-25T16:51:20.438Z","v":0}
{"name":"hexo","hostname":"LAPTOP-MMQ6VIRP","pid":15992,"level":20,"msg":"Processed: layout/_scripts/third-party/analytics/busuanzi-counter.swig","time":"2016-12-25T16:51:20.438Z","v":0}
{"name":"hexo","hostname":"LAPTOP-MMQ6VIRP","pid":15992,"level":20,"msg":"Processed: layout/_scripts/third-party/analytics/cnzz-analytics.swig","time":"2016-12-25T16:51:20.438Z","v":0}
{"name":"hexo","hostname":"LAPTOP-MMQ6VIRP","pid":15992,"level":20,"msg":"Processed: layout/_scripts/third-party/analytics/facebook-sdk.swig","time":"2016-12-25T16:51:20.438Z","v":0}
{"name":"hexo","hostname":"LAPTOP-MMQ6VIRP","pid":15992,"level":20,"msg":"Processed: layout/_scripts/third-party/comments/disqus.swig","time":"2016-12-25T16:51:20.438Z","v":0}
{"name":"hexo","hostname":"LAPTOP-MMQ6VIRP","pid":15992,"level":20,"msg":"Processed: layout/_scripts/third-party/analytics/google-analytics.swig","time":"2016-12-25T16:51:20.438Z","v":0}
{"name":"hexo","hostname":"LAPTOP-MMQ6VIRP","pid":15992,"level":20,"msg":"Processed: layout/_scripts/third-party/analytics/tencent-analytics.swig","time":"2016-12-25T16:51:20.438Z","v":0}
{"name":"hexo","hostname":"LAPTOP-MMQ6VIRP","pid":15992,"level":20,"msg":"Processed: layout/_scripts/third-party/comments/duoshuo.swig","time":"2016-12-25T16:51:20.438Z","v":0}
{"name":"hexo","hostname":"LAPTOP-MMQ6VIRP","pid":15992,"level":20,"msg":"Processed: layout/_scripts/third-party/comments/gentie.swig","time":"2016-12-25T16:51:20.438Z","v":0}
{"name":"hexo","hostname":"LAPTOP-MMQ6VIRP","pid":15992,"level":20,"msg":"Processed: layout/_scripts/third-party/comments/hypercomments.swig","time":"2016-12-25T16:51:20.438Z","v":0}
{"name":"hexo","hostname":"LAPTOP-MMQ6VIRP","pid":15992,"level":20,"msg":"Processed: source/lib/algolia-instant-search/instantsearch.min.js","time":"2016-12-25T16:51:20.438Z","v":0}
{"name":"hexo","hostname":"LAPTOP-MMQ6VIRP","pid":15992,"level":20,"msg":"Processed: source/lib/font-awesome/fonts/fontawesome-webfont.svg","time":"2016-12-25T16:51:20.439Z","v":0}
{"name":"hexo","hostname":"LAPTOP-MMQ6VIRP","pid":15992,"level":20,"msg":"Generator: page","time":"2016-12-25T16:51:20.755Z","v":0}
{"name":"hexo","hostname":"LAPTOP-MMQ6VIRP","pid":15992,"level":20,"msg":"Generator: post","time":"2016-12-25T16:51:20.755Z","v":0}
{"name":"hexo","hostname":"LAPTOP-MMQ6VIRP","pid":15992,"level":20,"msg":"Generator: archive","time":"2016-12-25T16:51:20.755Z","v":0}
{"name":"hexo","hostname":"LAPTOP-MMQ6VIRP","pid":15992,"level":20,"msg":"Generator: category","time":"2016-12-25T16:51:20.755Z","v":0}
{"name":"hexo","hostname":"LAPTOP-MMQ6VIRP","pid":15992,"level":20,"msg":"Generator: index","time":"2016-12-25T16:51:20.755Z","v":0}
{"name":"hexo","hostname":"LAPTOP-MMQ6VIRP","pid":15992,"level":20,"msg":"Generator: tag","time":"2016-12-25T16:51:20.755Z","v":0}
{"name":"hexo","hostname":"LAPTOP-MMQ6VIRP","pid":15992,"level":20,"msg":"Generator: asset","time":"2016-12-25T16:51:20.759Z","v":0}
{"name":"hexo","hostname":"LAPTOP-MMQ6VIRP","pid":15992,"level":30,"msg":"Hexo is running at http://localhost:4000/. Press Ctrl+C to stop.","time":"2016-12-25T16:51:20.767Z","v":0}
{"name":"hexo","hostname":"LAPTOP-MMQ6VIRP","pid":15992,"level":20,"msg":"Database saved","time":"2016-12-25T16:51:20.789Z","v":0}
{"name":"hexo","hostname":"LAPTOP-MMQ6VIRP","pid":15992,"level":20,"msg":"Rendering index: index.html","time":"2016-12-25T16:51:26.300Z","v":0}
{"name":"hexo","hostname":"LAPTOP-MMQ6VIRP","pid":15992,"level":20,"msg":"Rendering index: index.html","time":"2016-12-25T16:51:36.791Z","v":0}
